{"/Users/maros.antala/Profesia/Personal/roadmap-task-tracker/src/App.jsx": {"path":"/Users/maros.antala/Profesia/Personal/roadmap-task-tracker/src/App.jsx","all":true,"statementMap":{"0":{"start":{"line":1,"column":0},"end":{"line":1,"column":33}},"1":{"start":{"line":2,"column":0},"end":{"line":2,"column":57}},"2":{"start":{"line":3,"column":0},"end":{"line":3,"column":54}},"3":{"start":{"line":4,"column":0},"end":{"line":4,"column":63}},"5":{"start":{"line":6,"column":0},"end":{"line":6,"column":32}},"7":{"start":{"line":8,"column":0},"end":{"line":8,"column":16}},"8":{"start":{"line":9,"column":0},"end":{"line":9,"column":43}},"10":{"start":{"line":11,"column":0},"end":{"line":11,"column":37}},"11":{"start":{"line":12,"column":0},"end":{"line":12,"column":23}},"12":{"start":{"line":13,"column":0},"end":{"line":13,"column":23}},"13":{"start":{"line":14,"column":0},"end":{"line":14,"column":24}},"14":{"start":{"line":15,"column":0},"end":{"line":15,"column":24}},"15":{"start":{"line":16,"column":0},"end":{"line":16,"column":10}},"16":{"start":{"line":17,"column":0},"end":{"line":17,"column":38}},"17":{"start":{"line":18,"column":0},"end":{"line":18,"column":6}},"19":{"start":{"line":20,"column":0},"end":{"line":20,"column":41}},"20":{"start":{"line":21,"column":0},"end":{"line":21,"column":32}},"21":{"start":{"line":22,"column":0},"end":{"line":22,"column":28}},"22":{"start":{"line":23,"column":0},"end":{"line":23,"column":49}},"23":{"start":{"line":24,"column":0},"end":{"line":24,"column":43}},"24":{"start":{"line":25,"column":0},"end":{"line":25,"column":17}},"25":{"start":{"line":26,"column":0},"end":{"line":26,"column":28}},"26":{"start":{"line":27,"column":0},"end":{"line":27,"column":14}},"27":{"start":{"line":28,"column":0},"end":{"line":28,"column":37}},"28":{"start":{"line":29,"column":0},"end":{"line":29,"column":63}},"29":{"start":{"line":30,"column":0},"end":{"line":30,"column":15}},"30":{"start":{"line":31,"column":0},"end":{"line":31,"column":31}},"31":{"start":{"line":32,"column":0},"end":{"line":32,"column":6}},"33":{"start":{"line":34,"column":0},"end":{"line":34,"column":43}},"34":{"start":{"line":35,"column":0},"end":{"line":35,"column":78}},"35":{"start":{"line":36,"column":0},"end":{"line":36,"column":31}},"36":{"start":{"line":37,"column":0},"end":{"line":37,"column":6}},"38":{"start":{"line":39,"column":0},"end":{"line":39,"column":35}},"39":{"start":{"line":40,"column":0},"end":{"line":40,"column":62}},"40":{"start":{"line":41,"column":0},"end":{"line":41,"column":31}},"41":{"start":{"line":42,"column":0},"end":{"line":42,"column":6}},"43":{"start":{"line":44,"column":0},"end":{"line":44,"column":33}},"44":{"start":{"line":45,"column":0},"end":{"line":45,"column":33}},"45":{"start":{"line":46,"column":0},"end":{"line":46,"column":46}},"46":{"start":{"line":47,"column":0},"end":{"line":47,"column":9}},"48":{"start":{"line":49,"column":0},"end":{"line":49,"column":43}},"49":{"start":{"line":50,"column":0},"end":{"line":50,"column":20}},"50":{"start":{"line":51,"column":0},"end":{"line":51,"column":25}},"51":{"start":{"line":52,"column":0},"end":{"line":52,"column":31}},"52":{"start":{"line":53,"column":0},"end":{"line":53,"column":31}},"53":{"start":{"line":54,"column":0},"end":{"line":54,"column":43}},"54":{"start":{"line":55,"column":0},"end":{"line":55,"column":47}},"55":{"start":{"line":56,"column":0},"end":{"line":56,"column":18}},"57":{"start":{"line":58,"column":0},"end":{"line":58,"column":11}},"58":{"start":{"line":59,"column":0},"end":{"line":59,"column":6}},"60":{"start":{"line":61,"column":0},"end":{"line":61,"column":12}},"61":{"start":{"line":62,"column":0},"end":{"line":62,"column":10}},"62":{"start":{"line":63,"column":0},"end":{"line":63,"column":54}},"63":{"start":{"line":64,"column":0},"end":{"line":64,"column":62}},"64":{"start":{"line":65,"column":0},"end":{"line":65,"column":59}},"65":{"start":{"line":66,"column":0},"end":{"line":66,"column":11}},"67":{"start":{"line":68,"column":0},"end":{"line":68,"column":1}},"69":{"start":{"line":70,"column":0},"end":{"line":70,"column":19}}},"s":{"0":0,"1":0,"2":0,"3":0,"5":0,"7":0,"8":0,"10":0,"11":0,"12":0,"13":0,"14":0,"15":0,"16":0,"17":0,"19":0,"20":0,"21":0,"22":0,"23":0,"24":0,"25":0,"26":0,"27":0,"28":0,"29":0,"30":0,"31":0,"33":0,"34":0,"35":0,"36":0,"38":0,"39":0,"40":0,"41":0,"43":0,"44":0,"45":0,"46":0,"48":0,"49":0,"50":0,"51":0,"52":0,"53":0,"54":0,"55":0,"57":0,"58":0,"60":0,"61":0,"62":0,"63":0,"64":0,"65":0,"67":0,"69":0},"branchMap":{"0":{"type":"branch","line":1,"loc":{"start":{"line":1,"column":0},"end":{"line":70,"column":-563}},"locations":[{"start":{"line":1,"column":0},"end":{"line":70,"column":-563}}]}},"b":{"0":[0]},"fnMap":{"0":{"name":"(empty-report)","decl":{"start":{"line":1,"column":0},"end":{"line":70,"column":-563}},"loc":{"start":{"line":1,"column":0},"end":{"line":70,"column":-563}},"line":1}},"f":{"0":0}}
,"/Users/maros.antala/Profesia/Personal/roadmap-task-tracker/src/main.jsx": {"path":"/Users/maros.antala/Profesia/Personal/roadmap-task-tracker/src/main.jsx","all":true,"statementMap":{"0":{"start":{"line":1,"column":0},"end":{"line":1,"column":35}},"1":{"start":{"line":2,"column":0},"end":{"line":2,"column":46}},"2":{"start":{"line":3,"column":0},"end":{"line":3,"column":28}},"4":{"start":{"line":5,"column":0},"end":{"line":5,"column":51}},"5":{"start":{"line":6,"column":0},"end":{"line":6,"column":16}},"6":{"start":{"line":7,"column":0},"end":{"line":7,"column":15}},"7":{"start":{"line":8,"column":0},"end":{"line":8,"column":17}},"8":{"start":{"line":9,"column":0},"end":{"line":9,"column":2}}},"s":{"0":0,"1":0,"2":0,"4":0,"5":0,"6":0,"7":0,"8":0},"branchMap":{"0":{"type":"branch","line":1,"loc":{"start":{"line":1,"column":218},"end":{"line":9,"column":2}},"locations":[{"start":{"line":1,"column":218},"end":{"line":9,"column":2}}]}},"b":{"0":[0]},"fnMap":{"0":{"name":"(empty-report)","decl":{"start":{"line":1,"column":218},"end":{"line":9,"column":2}},"loc":{"start":{"line":1,"column":218},"end":{"line":9,"column":2}},"line":1}},"f":{"0":0}}
,"/Users/maros.antala/Profesia/Personal/roadmap-task-tracker/src/components/DeleteTasks/DeleteTasks.jsx": {"path":"/Users/maros.antala/Profesia/Personal/roadmap-task-tracker/src/components/DeleteTasks/DeleteTasks.jsx","all":false,"statementMap":{"0":{"start":{"line":1,"column":0},"end":{"line":1,"column":28}},"2":{"start":{"line":3,"column":0},"end":{"line":3,"column":56}},"3":{"start":{"line":4,"column":0},"end":{"line":4,"column":12}},"4":{"start":{"line":5,"column":0},"end":{"line":5,"column":54}},"6":{"start":{"line":7,"column":0},"end":{"line":7,"column":17}},"8":{"start":{"line":9,"column":0},"end":{"line":9,"column":1}}},"s":{"0":1,"2":2,"3":2,"4":2,"6":2,"8":2},"branchMap":{"0":{"type":"branch","line":3,"loc":{"start":{"line":3,"column":0},"end":{"line":9,"column":1}},"locations":[{"start":{"line":3,"column":0},"end":{"line":9,"column":1}}]}},"b":{"0":[2]},"fnMap":{"0":{"name":"DeleteTasks","decl":{"start":{"line":3,"column":0},"end":{"line":9,"column":1}},"loc":{"start":{"line":3,"column":0},"end":{"line":9,"column":1}},"line":3}},"f":{"0":2}}
,"/Users/maros.antala/Profesia/Personal/roadmap-task-tracker/src/components/TaskInput/TaskInput.jsx": {"path":"/Users/maros.antala/Profesia/Personal/roadmap-task-tracker/src/components/TaskInput/TaskInput.jsx","all":false,"statementMap":{"0":{"start":{"line":1,"column":0},"end":{"line":1,"column":33}},"1":{"start":{"line":2,"column":0},"end":{"line":2,"column":26}},"3":{"start":{"line":4,"column":0},"end":{"line":4,"column":53}},"4":{"start":{"line":5,"column":0},"end":{"line":5,"column":41}},"6":{"start":{"line":7,"column":0},"end":{"line":7,"column":38}},"7":{"start":{"line":8,"column":0},"end":{"line":8,"column":36}},"8":{"start":{"line":9,"column":0},"end":{"line":9,"column":6}},"10":{"start":{"line":11,"column":0},"end":{"line":11,"column":29}},"11":{"start":{"line":12,"column":0},"end":{"line":12,"column":26}},"12":{"start":{"line":13,"column":0},"end":{"line":13,"column":19}},"13":{"start":{"line":14,"column":0},"end":{"line":14,"column":9}},"14":{"start":{"line":15,"column":0},"end":{"line":15,"column":27}},"15":{"start":{"line":16,"column":0},"end":{"line":16,"column":20}},"16":{"start":{"line":17,"column":0},"end":{"line":17,"column":6}},"18":{"start":{"line":19,"column":0},"end":{"line":19,"column":12}},"19":{"start":{"line":20,"column":0},"end":{"line":20,"column":36}},"20":{"start":{"line":21,"column":0},"end":{"line":21,"column":86}},"21":{"start":{"line":22,"column":0},"end":{"line":22,"column":68}},"23":{"start":{"line":24,"column":0},"end":{"line":24,"column":21}},"24":{"start":{"line":25,"column":0},"end":{"line":25,"column":14}},"26":{"start":{"line":27,"column":0},"end":{"line":27,"column":1}}},"s":{"0":1,"1":1,"3":7,"4":7,"6":7,"7":2,"8":2,"10":7,"11":2,"12":1,"13":1,"14":1,"15":1,"16":2,"18":7,"19":7,"20":7,"21":7,"23":7,"24":7,"26":7},"branchMap":{"0":{"type":"branch","line":4,"loc":{"start":{"line":4,"column":0},"end":{"line":27,"column":1}},"locations":[{"start":{"line":4,"column":0},"end":{"line":27,"column":1}}]},"1":{"type":"branch","line":7,"loc":{"start":{"line":7,"column":26},"end":{"line":9,"column":6}},"locations":[{"start":{"line":7,"column":26},"end":{"line":9,"column":6}}]},"2":{"type":"branch","line":11,"loc":{"start":{"line":11,"column":22},"end":{"line":17,"column":6}},"locations":[{"start":{"line":11,"column":22},"end":{"line":17,"column":6}}]},"3":{"type":"branch","line":12,"loc":{"start":{"line":12,"column":25},"end":{"line":16,"column":20}},"locations":[{"start":{"line":12,"column":25},"end":{"line":16,"column":20}}]}},"b":{"0":[7],"1":[2],"2":[2],"3":[1]},"fnMap":{"0":{"name":"TaskInput","decl":{"start":{"line":4,"column":0},"end":{"line":27,"column":1}},"loc":{"start":{"line":4,"column":0},"end":{"line":27,"column":1}},"line":4},"1":{"name":"onInputChange","decl":{"start":{"line":7,"column":26},"end":{"line":9,"column":6}},"loc":{"start":{"line":7,"column":26},"end":{"line":9,"column":6}},"line":7},"2":{"name":"onAddTask","decl":{"start":{"line":11,"column":22},"end":{"line":17,"column":6}},"loc":{"start":{"line":11,"column":22},"end":{"line":17,"column":6}},"line":11}},"f":{"0":7,"1":2,"2":2}}
,"/Users/maros.antala/Profesia/Personal/roadmap-task-tracker/src/components/TaskItem/TaskItem.jsx": {"path":"/Users/maros.antala/Profesia/Personal/roadmap-task-tracker/src/components/TaskItem/TaskItem.jsx","all":false,"statementMap":{"0":{"start":{"line":1,"column":0},"end":{"line":1,"column":25}},"2":{"start":{"line":3,"column":0},"end":{"line":3,"column":70}},"3":{"start":{"line":4,"column":0},"end":{"line":4,"column":39}},"4":{"start":{"line":5,"column":0},"end":{"line":5,"column":47}},"5":{"start":{"line":6,"column":0},"end":{"line":6,"column":6}},"7":{"start":{"line":8,"column":0},"end":{"line":8,"column":30}},"8":{"start":{"line":9,"column":0},"end":{"line":9,"column":27}},"9":{"start":{"line":10,"column":0},"end":{"line":10,"column":6}},"11":{"start":{"line":12,"column":0},"end":{"line":12,"column":12}},"12":{"start":{"line":13,"column":0},"end":{"line":13,"column":35}},"13":{"start":{"line":14,"column":0},"end":{"line":14,"column":83}},"14":{"start":{"line":15,"column":0},"end":{"line":15,"column":91}},"15":{"start":{"line":16,"column":0},"end":{"line":16,"column":28}},"16":{"start":{"line":17,"column":0},"end":{"line":17,"column":16}},"17":{"start":{"line":18,"column":0},"end":{"line":18,"column":56}},"18":{"start":{"line":19,"column":0},"end":{"line":19,"column":14}},"20":{"start":{"line":21,"column":0},"end":{"line":21,"column":1}}},"s":{"0":1,"2":4,"3":4,"4":1,"5":1,"7":4,"8":1,"9":1,"11":4,"12":4,"13":4,"14":4,"15":4,"16":4,"17":4,"18":4,"20":4},"branchMap":{"0":{"type":"branch","line":3,"loc":{"start":{"line":3,"column":0},"end":{"line":21,"column":1}},"locations":[{"start":{"line":3,"column":0},"end":{"line":21,"column":1}}]},"1":{"type":"branch","line":15,"loc":{"start":{"line":15,"column":51},"end":{"line":15,"column":85}},"locations":[{"start":{"line":15,"column":51},"end":{"line":15,"column":85}}]},"2":{"type":"branch","line":15,"loc":{"start":{"line":15,"column":58},"end":{"line":15,"column":87}},"locations":[{"start":{"line":15,"column":58},"end":{"line":15,"column":87}}]},"3":{"type":"branch","line":4,"loc":{"start":{"line":4,"column":27},"end":{"line":6,"column":6}},"locations":[{"start":{"line":4,"column":27},"end":{"line":6,"column":6}}]},"4":{"type":"branch","line":8,"loc":{"start":{"line":8,"column":23},"end":{"line":10,"column":6}},"locations":[{"start":{"line":8,"column":23},"end":{"line":10,"column":6}}]}},"b":{"0":[4],"1":[1],"2":[3],"3":[1],"4":[1]},"fnMap":{"0":{"name":"TaskItem","decl":{"start":{"line":3,"column":0},"end":{"line":21,"column":1}},"loc":{"start":{"line":3,"column":0},"end":{"line":21,"column":1}},"line":3},"1":{"name":"markTaskAsDone","decl":{"start":{"line":4,"column":27},"end":{"line":6,"column":6}},"loc":{"start":{"line":4,"column":27},"end":{"line":6,"column":6}},"line":4},"2":{"name":"removeTask","decl":{"start":{"line":8,"column":23},"end":{"line":10,"column":6}},"loc":{"start":{"line":8,"column":23},"end":{"line":10,"column":6}},"line":8}},"f":{"0":4,"1":1,"2":1}}
,"/Users/maros.antala/Profesia/Personal/roadmap-task-tracker/src/utils/uuid.js": {"path":"/Users/maros.antala/Profesia/Personal/roadmap-task-tracker/src/utils/uuid.js","all":false,"statementMap":{"0":{"start":{"line":1,"column":0},"end":{"line":1,"column":38}},"1":{"start":{"line":2,"column":0},"end":{"line":2,"column":74}},"2":{"start":{"line":3,"column":0},"end":{"line":3,"column":93}},"3":{"start":{"line":4,"column":0},"end":{"line":4,"column":6}},"4":{"start":{"line":5,"column":0},"end":{"line":5,"column":1}},"5":{"start":{"line":6,"column":0},"end":{"line":6,"column":22}}},"s":{"0":1,"1":2,"2":62,"3":2,"4":2,"5":1},"branchMap":{"0":{"type":"branch","line":1,"loc":{"start":{"line":1,"column":0},"end":{"line":6,"column":22}},"locations":[{"start":{"line":1,"column":0},"end":{"line":6,"column":22}}]},"1":{"type":"branch","line":1,"loc":{"start":{"line":1,"column":15},"end":{"line":5,"column":1}},"locations":[{"start":{"line":1,"column":15},"end":{"line":5,"column":1}}]},"2":{"type":"branch","line":2,"loc":{"start":{"line":2,"column":68},"end":{"line":3,"column":93}},"locations":[{"start":{"line":2,"column":68},"end":{"line":3,"column":93}}]}},"b":{"0":[1],"1":[2],"2":[62]},"fnMap":{"0":{"name":"createUUID","decl":{"start":{"line":1,"column":15},"end":{"line":5,"column":1}},"loc":{"start":{"line":1,"column":15},"end":{"line":5,"column":1}},"line":1}},"f":{"0":2}}
}
